2021-01-02 02:26:31,046 [Worker-11] INFO  o.e.m.c.i.i.nexus.NexusIndexManager - Updating index for repository: central|http://repo1.maven.org/maven2
2021-01-02 02:26:31,571 [Worker-11] ERROR o.e.m.c.i.i.nexus.NexusIndexManager - Unable to update index for central|http://repo1.maven.org/maven2
java.io.IOException: Server returned status code 501: HTTPS Required
	at org.eclipse.m2e.core.internal.index.nexus.AsyncFetcher$PipedErrorInputStream.checkError(AsyncFetcher.java:252) ~[org.eclipse.m2e.core_1.0.0.me201302031636.jar:na]
	at org.eclipse.m2e.core.internal.index.nexus.AsyncFetcher$PipedErrorInputStream.read(AsyncFetcher.java:260) ~[org.eclipse.m2e.core_1.0.0.me201302031636.jar:na]
	at java.io.PipedInputStream.read(PipedInputStream.java:361) ~[na:1.6.0_13]
	at java.io.InputStream.read(InputStream.java:85) ~[na:1.6.0_13]
	at java.util.Properties$LineReader.readLine(Properties.java:418) ~[na:1.6.0_13]
	at java.util.Properties.load0(Properties.java:337) ~[na:1.6.0_13]
	at java.util.Properties.load(Properties.java:325) ~[na:1.6.0_13]
	at org.apache.maven.index.updater.DefaultIndexUpdater.downloadIndexProperties(DefaultIndexUpdater.java:457) ~[indexer-core-3.1.0.jar:3.1.0]
	at org.apache.maven.index.updater.DefaultIndexUpdater.access$100(DefaultIndexUpdater.java:75) ~[indexer-core-3.1.0.jar:3.1.0]
	at org.apache.maven.index.updater.DefaultIndexUpdater$IndexAdaptor.setProperties(DefaultIndexUpdater.java:607) ~[indexer-core-3.1.0.jar:3.1.0]
	at org.apache.maven.index.updater.DefaultIndexUpdater.fetchAndUpdateIndex(DefaultIndexUpdater.java:788) ~[indexer-core-3.1.0.jar:3.1.0]
	at org.apache.maven.index.updater.DefaultIndexUpdater.fetchAndUpdateIndex(DefaultIndexUpdater.java:135) ~[indexer-core-3.1.0.jar:3.1.0]
	at org.eclipse.m2e.core.internal.index.nexus.NexusIndexManager.updateRemoteIndex(NexusIndexManager.java:1126) [org.eclipse.m2e.core_1.0.0.me201302031636.jar:na]
	at org.eclipse.m2e.core.internal.index.nexus.NexusIndexManager.updateIndex(NexusIndexManager.java:1083) [org.eclipse.m2e.core_1.0.0.me201302031636.jar:na]
	at org.eclipse.m2e.core.internal.index.nexus.NexusIndexManager$1.run(NexusIndexManager.java:660) [org.eclipse.m2e.core_1.0.0.me201302031636.jar:na]
	at org.eclipse.m2e.core.internal.index.nexus.IndexUpdaterJob.run(IndexUpdaterJob.java:71) [org.eclipse.m2e.core_1.0.0.me201302031636.jar:na]
	at org.eclipse.core.internal.jobs.Worker.run(Worker.java:54) [org.eclipse.core.jobs_3.5.101.v20120113-1953.jar:na]
java.io.IOException: Server returned status code 501: HTTPS Required
	at org.eclipse.m2e.core.internal.index.nexus.AsyncFetcher$MonitorListener.onStatus(AsyncFetcher.java:282) ~[na:na]
	at com.ning.http.client.SimpleAsyncHttpClient$BodyConsumerAsyncHandler.fireStatus(SimpleAsyncHttpClient.java:828) ~[na:na]
	at com.ning.http.client.SimpleAsyncHttpClient$BodyConsumerAsyncHandler.onStatusReceived(SimpleAsyncHttpClient.java:779) ~[na:na]
	at com.ning.http.client.providers.netty.NettyAsyncHttpProvider.updateStatusAndInterrupt(NettyAsyncHttpProvider.java:1439) ~[na:na]
	at com.ning.http.client.providers.netty.NettyAsyncHttpProvider.messageReceived(NettyAsyncHttpProvider.java:1170) ~[na:na]
	at org.jboss.netty.channel.SimpleChannelUpstreamHandler.handleUpstream(SimpleChannelUpstreamHandler.java:80) ~[na:na]
	at org.jboss.netty.channel.DefaultChannelPipeline.sendUpstream(DefaultChannelPipeline.java:545) ~[na:na]
	at org.jboss.netty.channel.DefaultChannelPipeline$DefaultChannelHandlerContext.sendUpstream(DefaultChannelPipeline.java:754) ~[na:na]
	at org.jboss.netty.handler.stream.ChunkedWriteHandler.handleUpstream(ChunkedWriteHandler.java:148) ~[na:na]
	at org.jboss.netty.channel.DefaultChannelPipeline.sendUpstream(DefaultChannelPipeline.java:545) ~[na:na]
	at org.jboss.netty.channel.DefaultChannelPipeline$DefaultChannelHandlerContext.sendUpstream(DefaultChannelPipeline.java:754) ~[na:na]
	at org.jboss.netty.handler.codec.http.HttpContentDecoder.messageReceived(HttpContentDecoder.java:104) ~[na:na]
	at org.jboss.netty.channel.SimpleChannelUpstreamHandler.handleUpstream(SimpleChannelUpstreamHandler.java:80) ~[na:na]
	at org.jboss.netty.channel.DefaultChannelPipeline.sendUpstream(DefaultChannelPipeline.java:545) ~[na:na]
	at org.jboss.netty.channel.DefaultChannelPipeline$DefaultChannelHandlerContext.sendUpstream(DefaultChannelPipeline.java:754) ~[na:na]
	at org.jboss.netty.channel.Channels.fireMessageReceived(Channels.java:302) ~[na:na]
	at org.jboss.netty.handler.codec.replay.ReplayingDecoder.unfoldAndfireMessageReceived(ReplayingDecoder.java:522) ~[na:na]
	at org.jboss.netty.handler.codec.replay.ReplayingDecoder.callDecode(ReplayingDecoder.java:506) ~[na:na]
	at org.jboss.netty.handler.codec.replay.ReplayingDecoder.messageReceived(ReplayingDecoder.java:443) ~[na:na]
	at org.jboss.netty.channel.SimpleChannelUpstreamHandler.handleUpstream(SimpleChannelUpstreamHandler.java:80) ~[na:na]
	at org.jboss.netty.handler.codec.http.HttpClientCodec.handleUpstream(HttpClientCodec.java:77) ~[na:na]
	at org.jboss.netty.channel.DefaultChannelPipeline.sendUpstream(DefaultChannelPipeline.java:545) ~[na:na]
	at org.jboss.netty.channel.DefaultChannelPipeline.sendUpstream(DefaultChannelPipeline.java:540) ~[na:na]
	at org.jboss.netty.channel.Channels.fireMessageReceived(Channels.java:274) ~[na:na]
	at org.jboss.netty.channel.Channels.fireMessageReceived(Channels.java:261) ~[na:na]
	at org.jboss.netty.channel.socket.nio.NioWorker.read(NioWorker.java:349) ~[na:na]
	at org.jboss.netty.channel.socket.nio.NioWorker.processSelectedKeys(NioWorker.java:280) ~[na:na]
	at org.jboss.netty.channel.socket.nio.NioWorker.run(NioWorker.java:200) ~[na:na]
	at org.jboss.netty.util.ThreadRenamingRunnable.run(ThreadRenamingRunnable.java:108) ~[na:na]
	at org.jboss.netty.util.internal.DeadLockProofWorker$1.run(DeadLockProofWorker.java:44) ~[na:na]
	at java.util.concurrent.ThreadPoolExecutor$Worker.runTask(ThreadPoolExecutor.java:886) ~[na:1.6.0_13]
	at java.util.concurrent.ThreadPoolExecutor$Worker.run(ThreadPoolExecutor.java:908) ~[na:1.6.0_13]
	at java.lang.Thread.run(Thread.java:619) ~[na:1.6.0_13]
2021-01-04 01:38:32,792 [Worker-369] INFO  o.e.m.c.i.i.nexus.NexusIndexManager - Updating index for repository: central|http://repo1.maven.org/maven2
2021-01-04 01:38:33,490 [Worker-369] ERROR o.e.m.c.i.i.nexus.NexusIndexManager - Unable to update index for central|http://repo1.maven.org/maven2
java.io.IOException: Server returned status code 501: HTTPS Required
	at org.eclipse.m2e.core.internal.index.nexus.AsyncFetcher$PipedErrorInputStream.checkError(AsyncFetcher.java:252) ~[org.eclipse.m2e.core_1.0.0.me201302031636.jar:na]
	at org.eclipse.m2e.core.internal.index.nexus.AsyncFetcher$PipedErrorInputStream.read(AsyncFetcher.java:260) ~[org.eclipse.m2e.core_1.0.0.me201302031636.jar:na]
	at java.io.PipedInputStream.read(PipedInputStream.java:361) ~[na:1.6.0_13]
	at java.io.InputStream.read(InputStream.java:85) ~[na:1.6.0_13]
	at java.util.Properties$LineReader.readLine(Properties.java:418) ~[na:1.6.0_13]
	at java.util.Properties.load0(Properties.java:337) ~[na:1.6.0_13]
	at java.util.Properties.load(Properties.java:325) ~[na:1.6.0_13]
	at org.apache.maven.index.updater.DefaultIndexUpdater.downloadIndexProperties(DefaultIndexUpdater.java:457) ~[indexer-core-3.1.0.jar:3.1.0]
	at org.apache.maven.index.updater.DefaultIndexUpdater.access$100(DefaultIndexUpdater.java:75) ~[indexer-core-3.1.0.jar:3.1.0]
	at org.apache.maven.index.updater.DefaultIndexUpdater$IndexAdaptor.setProperties(DefaultIndexUpdater.java:607) ~[indexer-core-3.1.0.jar:3.1.0]
	at org.apache.maven.index.updater.DefaultIndexUpdater.fetchAndUpdateIndex(DefaultIndexUpdater.java:788) ~[indexer-core-3.1.0.jar:3.1.0]
	at org.apache.maven.index.updater.DefaultIndexUpdater.fetchAndUpdateIndex(DefaultIndexUpdater.java:135) ~[indexer-core-3.1.0.jar:3.1.0]
	at org.eclipse.m2e.core.internal.index.nexus.NexusIndexManager.updateRemoteIndex(NexusIndexManager.java:1126) [org.eclipse.m2e.core_1.0.0.me201302031636.jar:na]
	at org.eclipse.m2e.core.internal.index.nexus.NexusIndexManager.updateIndex(NexusIndexManager.java:1083) [org.eclipse.m2e.core_1.0.0.me201302031636.jar:na]
	at org.eclipse.m2e.core.internal.index.nexus.NexusIndexManager$1.run(NexusIndexManager.java:660) [org.eclipse.m2e.core_1.0.0.me201302031636.jar:na]
	at org.eclipse.m2e.core.internal.index.nexus.IndexUpdaterJob.run(IndexUpdaterJob.java:71) [org.eclipse.m2e.core_1.0.0.me201302031636.jar:na]
	at org.eclipse.core.internal.jobs.Worker.run(Worker.java:54) [org.eclipse.core.jobs_3.5.101.v20120113-1953.jar:na]
java.io.IOException: Server returned status code 501: HTTPS Required
	at org.eclipse.m2e.core.internal.index.nexus.AsyncFetcher$MonitorListener.onStatus(AsyncFetcher.java:282) ~[na:na]
	at com.ning.http.client.SimpleAsyncHttpClient$BodyConsumerAsyncHandler.fireStatus(SimpleAsyncHttpClient.java:828) ~[na:na]
	at com.ning.http.client.SimpleAsyncHttpClient$BodyConsumerAsyncHandler.onStatusReceived(SimpleAsyncHttpClient.java:779) ~[na:na]
	at com.ning.http.client.providers.netty.NettyAsyncHttpProvider.updateStatusAndInterrupt(NettyAsyncHttpProvider.java:1439) ~[na:na]
	at com.ning.http.client.providers.netty.NettyAsyncHttpProvider.messageReceived(NettyAsyncHttpProvider.java:1170) ~[na:na]
	at org.jboss.netty.channel.SimpleChannelUpstreamHandler.handleUpstream(SimpleChannelUpstreamHandler.java:80) ~[na:na]
	at org.jboss.netty.channel.DefaultChannelPipeline.sendUpstream(DefaultChannelPipeline.java:545) ~[na:na]
	at org.jboss.netty.channel.DefaultChannelPipeline$DefaultChannelHandlerContext.sendUpstream(DefaultChannelPipeline.java:754) ~[na:na]
	at org.jboss.netty.handler.stream.ChunkedWriteHandler.handleUpstream(ChunkedWriteHandler.java:148) ~[na:na]
	at org.jboss.netty.channel.DefaultChannelPipeline.sendUpstream(DefaultChannelPipeline.java:545) ~[na:na]
	at org.jboss.netty.channel.DefaultChannelPipeline$DefaultChannelHandlerContext.sendUpstream(DefaultChannelPipeline.java:754) ~[na:na]
	at org.jboss.netty.handler.codec.http.HttpContentDecoder.messageReceived(HttpContentDecoder.java:104) ~[na:na]
	at org.jboss.netty.channel.SimpleChannelUpstreamHandler.handleUpstream(SimpleChannelUpstreamHandler.java:80) ~[na:na]
	at org.jboss.netty.channel.DefaultChannelPipeline.sendUpstream(DefaultChannelPipeline.java:545) ~[na:na]
	at org.jboss.netty.channel.DefaultChannelPipeline$DefaultChannelHandlerContext.sendUpstream(DefaultChannelPipeline.java:754) ~[na:na]
	at org.jboss.netty.channel.Channels.fireMessageReceived(Channels.java:302) ~[na:na]
	at org.jboss.netty.handler.codec.replay.ReplayingDecoder.unfoldAndfireMessageReceived(ReplayingDecoder.java:522) ~[na:na]
	at org.jboss.netty.handler.codec.replay.ReplayingDecoder.callDecode(ReplayingDecoder.java:506) ~[na:na]
	at org.jboss.netty.handler.codec.replay.ReplayingDecoder.messageReceived(ReplayingDecoder.java:443) ~[na:na]
	at org.jboss.netty.channel.SimpleChannelUpstreamHandler.handleUpstream(SimpleChannelUpstreamHandler.java:80) ~[na:na]
	at org.jboss.netty.handler.codec.http.HttpClientCodec.handleUpstream(HttpClientCodec.java:77) ~[na:na]
	at org.jboss.netty.channel.DefaultChannelPipeline.sendUpstream(DefaultChannelPipeline.java:545) ~[na:na]
	at org.jboss.netty.channel.DefaultChannelPipeline.sendUpstream(DefaultChannelPipeline.java:540) ~[na:na]
	at org.jboss.netty.channel.Channels.fireMessageReceived(Channels.java:274) ~[na:na]
	at org.jboss.netty.channel.Channels.fireMessageReceived(Channels.java:261) ~[na:na]
	at org.jboss.netty.channel.socket.nio.NioWorker.read(NioWorker.java:349) ~[na:na]
	at org.jboss.netty.channel.socket.nio.NioWorker.processSelectedKeys(NioWorker.java:280) ~[na:na]
	at org.jboss.netty.channel.socket.nio.NioWorker.run(NioWorker.java:200) ~[na:na]
	at org.jboss.netty.util.ThreadRenamingRunnable.run(ThreadRenamingRunnable.java:108) ~[na:na]
	at org.jboss.netty.util.internal.DeadLockProofWorker$1.run(DeadLockProofWorker.java:44) ~[na:na]
	at java.util.concurrent.ThreadPoolExecutor$Worker.runTask(ThreadPoolExecutor.java:886) ~[na:1.6.0_13]
	at java.util.concurrent.ThreadPoolExecutor$Worker.run(ThreadPoolExecutor.java:908) ~[na:1.6.0_13]
	at java.lang.Thread.run(Thread.java:619) ~[na:1.6.0_13]
2021-01-07 17:01:05,016 [Worker-796] INFO  o.e.m.c.i.i.nexus.NexusIndexManager - Updating index for repository: central|http://repo1.maven.org/maven2
2021-01-07 17:01:06,238 [Worker-796] ERROR o.e.m.c.i.i.nexus.NexusIndexManager - Unable to update index for central|http://repo1.maven.org/maven2
java.io.IOException: Remotely Closed [id: 0x09119154, /10.50.44.48:6611 :> repo1.maven.org/151.101.196.209:80]
	at org.eclipse.m2e.core.internal.index.nexus.AsyncFetcher$PipedErrorInputStream.checkError(AsyncFetcher.java:252) ~[org.eclipse.m2e.core_1.0.0.me201302031636.jar:na]
	at org.eclipse.m2e.core.internal.index.nexus.AsyncFetcher$PipedErrorInputStream.read(AsyncFetcher.java:260) ~[org.eclipse.m2e.core_1.0.0.me201302031636.jar:na]
	at java.io.PipedInputStream.read(PipedInputStream.java:361) ~[na:1.6.0_13]
	at java.io.InputStream.read(InputStream.java:85) ~[na:1.6.0_13]
	at java.util.Properties$LineReader.readLine(Properties.java:418) ~[na:1.6.0_13]
	at java.util.Properties.load0(Properties.java:337) ~[na:1.6.0_13]
	at java.util.Properties.load(Properties.java:325) ~[na:1.6.0_13]
	at org.apache.maven.index.updater.DefaultIndexUpdater.downloadIndexProperties(DefaultIndexUpdater.java:457) ~[indexer-core-3.1.0.jar:3.1.0]
	at org.apache.maven.index.updater.DefaultIndexUpdater.access$100(DefaultIndexUpdater.java:75) ~[indexer-core-3.1.0.jar:3.1.0]
	at org.apache.maven.index.updater.DefaultIndexUpdater$IndexAdaptor.setProperties(DefaultIndexUpdater.java:607) ~[indexer-core-3.1.0.jar:3.1.0]
	at org.apache.maven.index.updater.DefaultIndexUpdater.fetchAndUpdateIndex(DefaultIndexUpdater.java:788) ~[indexer-core-3.1.0.jar:3.1.0]
	at org.apache.maven.index.updater.DefaultIndexUpdater.fetchAndUpdateIndex(DefaultIndexUpdater.java:135) ~[indexer-core-3.1.0.jar:3.1.0]
	at org.eclipse.m2e.core.internal.index.nexus.NexusIndexManager.updateRemoteIndex(NexusIndexManager.java:1126) [org.eclipse.m2e.core_1.0.0.me201302031636.jar:na]
	at org.eclipse.m2e.core.internal.index.nexus.NexusIndexManager.updateIndex(NexusIndexManager.java:1083) [org.eclipse.m2e.core_1.0.0.me201302031636.jar:na]
	at org.eclipse.m2e.core.internal.index.nexus.NexusIndexManager$1.run(NexusIndexManager.java:660) [org.eclipse.m2e.core_1.0.0.me201302031636.jar:na]
	at org.eclipse.m2e.core.internal.index.nexus.IndexUpdaterJob.run(IndexUpdaterJob.java:71) [org.eclipse.m2e.core_1.0.0.me201302031636.jar:na]
	at org.eclipse.core.internal.jobs.Worker.run(Worker.java:54) [org.eclipse.core.jobs_3.5.101.v20120113-1953.jar:na]
java.io.IOException: Remotely Closed [id: 0x09119154, /10.50.44.48:6611 :> repo1.maven.org/151.101.196.209:80]
	at com.ning.http.client.providers.netty.NettyAsyncHttpProvider.channelClosed(NettyAsyncHttpProvider.java:1361) ~[na:na]
	at org.jboss.netty.channel.SimpleChannelUpstreamHandler.handleUpstream(SimpleChannelUpstreamHandler.java:98) ~[na:na]
	at org.jboss.netty.channel.DefaultChannelPipeline.sendUpstream(DefaultChannelPipeline.java:545) ~[na:na]
	at org.jboss.netty.channel.DefaultChannelPipeline$DefaultChannelHandlerContext.sendUpstream(DefaultChannelPipeline.java:754) ~[na:na]
	at org.jboss.netty.handler.stream.ChunkedWriteHandler.handleUpstream(ChunkedWriteHandler.java:148) ~[na:na]
	at org.jboss.netty.channel.DefaultChannelPipeline.sendUpstream(DefaultChannelPipeline.java:545) ~[na:na]
	at org.jboss.netty.channel.DefaultChannelPipeline$DefaultChannelHandlerContext.sendUpstream(DefaultChannelPipeline.java:754) ~[na:na]
	at org.jboss.netty.channel.SimpleChannelUpstreamHandler.channelClosed(SimpleChannelUpstreamHandler.java:208) ~[na:na]
	at org.jboss.netty.channel.SimpleChannelUpstreamHandler.handleUpstream(SimpleChannelUpstreamHandler.java:98) ~[na:na]
	at org.jboss.netty.channel.DefaultChannelPipeline.sendUpstream(DefaultChannelPipeline.java:545) ~[na:na]
	at org.jboss.netty.channel.DefaultChannelPipeline$DefaultChannelHandlerContext.sendUpstream(DefaultChannelPipeline.java:754) ~[na:na]
	at org.jboss.netty.handler.codec.replay.ReplayingDecoder.cleanup(ReplayingDecoder.java:554) ~[na:na]
	at org.jboss.netty.handler.codec.replay.ReplayingDecoder.channelClosed(ReplayingDecoder.java:455) ~[na:na]
	at org.jboss.netty.channel.SimpleChannelUpstreamHandler.handleUpstream(SimpleChannelUpstreamHandler.java:98) ~[na:na]
	at org.jboss.netty.handler.codec.http.HttpClientCodec.handleUpstream(HttpClientCodec.java:77) ~[na:na]
	at org.jboss.netty.channel.DefaultChannelPipeline.sendUpstream(DefaultChannelPipeline.java:545) ~[na:na]
	at org.jboss.netty.channel.DefaultChannelPipeline.sendUpstream(DefaultChannelPipeline.java:540) ~[na:na]
	at org.jboss.netty.channel.Channels.fireChannelClosed(Channels.java:404) ~[na:na]
	at org.jboss.netty.channel.socket.nio.NioWorker.close(NioWorker.java:593) ~[na:na]
	at org.jboss.netty.channel.socket.nio.NioWorker.read(NioWorker.java:355) ~[na:na]
	at org.jboss.netty.channel.socket.nio.NioWorker.processSelectedKeys(NioWorker.java:280) ~[na:na]
	at org.jboss.netty.channel.socket.nio.NioWorker.run(NioWorker.java:200) ~[na:na]
	at org.jboss.netty.util.ThreadRenamingRunnable.run(ThreadRenamingRunnable.java:108) ~[na:na]
	at org.jboss.netty.util.internal.DeadLockProofWorker$1.run(DeadLockProofWorker.java:44) ~[na:na]
	at java.util.concurrent.ThreadPoolExecutor$Worker.runTask(ThreadPoolExecutor.java:886) ~[na:1.6.0_13]
	at java.util.concurrent.ThreadPoolExecutor$Worker.run(ThreadPoolExecutor.java:908) ~[na:1.6.0_13]
	at java.lang.Thread.run(Thread.java:619) ~[na:1.6.0_13]
2021-01-10 15:54:34,786 [Worker-64] INFO  o.e.m.c.i.i.nexus.NexusIndexManager - Updating index for repository: central|http://repo1.maven.org/maven2
2021-01-10 15:54:35,500 [Worker-64] ERROR o.e.m.c.i.i.nexus.NexusIndexManager - Unable to update index for central|http://repo1.maven.org/maven2
java.io.IOException: Server returned status code 501: HTTPS Required
	at org.eclipse.m2e.core.internal.index.nexus.AsyncFetcher$PipedErrorInputStream.checkError(AsyncFetcher.java:252) ~[org.eclipse.m2e.core_1.0.0.me201302031636.jar:na]
	at org.eclipse.m2e.core.internal.index.nexus.AsyncFetcher$PipedErrorInputStream.read(AsyncFetcher.java:260) ~[org.eclipse.m2e.core_1.0.0.me201302031636.jar:na]
	at java.io.PipedInputStream.read(PipedInputStream.java:361) ~[na:1.6.0_13]
	at java.io.InputStream.read(InputStream.java:85) ~[na:1.6.0_13]
	at java.util.Properties$LineReader.readLine(Properties.java:418) ~[na:1.6.0_13]
	at java.util.Properties.load0(Properties.java:337) ~[na:1.6.0_13]
	at java.util.Properties.load(Properties.java:325) ~[na:1.6.0_13]
	at org.apache.maven.index.updater.DefaultIndexUpdater.downloadIndexProperties(DefaultIndexUpdater.java:457) ~[indexer-core-3.1.0.jar:3.1.0]
	at org.apache.maven.index.updater.DefaultIndexUpdater.access$100(DefaultIndexUpdater.java:75) ~[indexer-core-3.1.0.jar:3.1.0]
	at org.apache.maven.index.updater.DefaultIndexUpdater$IndexAdaptor.setProperties(DefaultIndexUpdater.java:607) ~[indexer-core-3.1.0.jar:3.1.0]
	at org.apache.maven.index.updater.DefaultIndexUpdater.fetchAndUpdateIndex(DefaultIndexUpdater.java:788) ~[indexer-core-3.1.0.jar:3.1.0]
	at org.apache.maven.index.updater.DefaultIndexUpdater.fetchAndUpdateIndex(DefaultIndexUpdater.java:135) ~[indexer-core-3.1.0.jar:3.1.0]
	at org.eclipse.m2e.core.internal.index.nexus.NexusIndexManager.updateRemoteIndex(NexusIndexManager.java:1126) [org.eclipse.m2e.core_1.0.0.me201302031636.jar:na]
	at org.eclipse.m2e.core.internal.index.nexus.NexusIndexManager.updateIndex(NexusIndexManager.java:1083) [org.eclipse.m2e.core_1.0.0.me201302031636.jar:na]
	at org.eclipse.m2e.core.internal.index.nexus.NexusIndexManager$1.run(NexusIndexManager.java:660) [org.eclipse.m2e.core_1.0.0.me201302031636.jar:na]
	at org.eclipse.m2e.core.internal.index.nexus.IndexUpdaterJob.run(IndexUpdaterJob.java:71) [org.eclipse.m2e.core_1.0.0.me201302031636.jar:na]
	at org.eclipse.core.internal.jobs.Worker.run(Worker.java:54) [org.eclipse.core.jobs_3.5.101.v20120113-1953.jar:na]
java.io.IOException: Server returned status code 501: HTTPS Required
	at org.eclipse.m2e.core.internal.index.nexus.AsyncFetcher$MonitorListener.onStatus(AsyncFetcher.java:282) ~[na:na]
	at com.ning.http.client.SimpleAsyncHttpClient$BodyConsumerAsyncHandler.fireStatus(SimpleAsyncHttpClient.java:828) ~[na:na]
	at com.ning.http.client.SimpleAsyncHttpClient$BodyConsumerAsyncHandler.onStatusReceived(SimpleAsyncHttpClient.java:779) ~[na:na]
	at com.ning.http.client.providers.netty.NettyAsyncHttpProvider.updateStatusAndInterrupt(NettyAsyncHttpProvider.java:1439) ~[na:na]
	at com.ning.http.client.providers.netty.NettyAsyncHttpProvider.messageReceived(NettyAsyncHttpProvider.java:1170) ~[na:na]
	at org.jboss.netty.channel.SimpleChannelUpstreamHandler.handleUpstream(SimpleChannelUpstreamHandler.java:80) ~[na:na]
	at org.jboss.netty.channel.DefaultChannelPipeline.sendUpstream(DefaultChannelPipeline.java:545) ~[na:na]
	at org.jboss.netty.channel.DefaultChannelPipeline$DefaultChannelHandlerContext.sendUpstream(DefaultChannelPipeline.java:754) ~[na:na]
	at org.jboss.netty.handler.stream.ChunkedWriteHandler.handleUpstream(ChunkedWriteHandler.java:148) ~[na:na]
	at org.jboss.netty.channel.DefaultChannelPipeline.sendUpstream(DefaultChannelPipeline.java:545) ~[na:na]
	at org.jboss.netty.channel.DefaultChannelPipeline$DefaultChannelHandlerContext.sendUpstream(DefaultChannelPipeline.java:754) ~[na:na]
	at org.jboss.netty.handler.codec.http.HttpContentDecoder.messageReceived(HttpContentDecoder.java:104) ~[na:na]
	at org.jboss.netty.channel.SimpleChannelUpstreamHandler.handleUpstream(SimpleChannelUpstreamHandler.java:80) ~[na:na]
	at org.jboss.netty.channel.DefaultChannelPipeline.sendUpstream(DefaultChannelPipeline.java:545) ~[na:na]
	at org.jboss.netty.channel.DefaultChannelPipeline$DefaultChannelHandlerContext.sendUpstream(DefaultChannelPipeline.java:754) ~[na:na]
	at org.jboss.netty.channel.Channels.fireMessageReceived(Channels.java:302) ~[na:na]
	at org.jboss.netty.handler.codec.replay.ReplayingDecoder.unfoldAndfireMessageReceived(ReplayingDecoder.java:522) ~[na:na]
	at org.jboss.netty.handler.codec.replay.ReplayingDecoder.callDecode(ReplayingDecoder.java:506) ~[na:na]
	at org.jboss.netty.handler.codec.replay.ReplayingDecoder.messageReceived(ReplayingDecoder.java:443) ~[na:na]
	at org.jboss.netty.channel.SimpleChannelUpstreamHandler.handleUpstream(SimpleChannelUpstreamHandler.java:80) ~[na:na]
	at org.jboss.netty.handler.codec.http.HttpClientCodec.handleUpstream(HttpClientCodec.java:77) ~[na:na]
	at org.jboss.netty.channel.DefaultChannelPipeline.sendUpstream(DefaultChannelPipeline.java:545) ~[na:na]
	at org.jboss.netty.channel.DefaultChannelPipeline.sendUpstream(DefaultChannelPipeline.java:540) ~[na:na]
	at org.jboss.netty.channel.Channels.fireMessageReceived(Channels.java:274) ~[na:na]
	at org.jboss.netty.channel.Channels.fireMessageReceived(Channels.java:261) ~[na:na]
	at org.jboss.netty.channel.socket.nio.NioWorker.read(NioWorker.java:349) ~[na:na]
	at org.jboss.netty.channel.socket.nio.NioWorker.processSelectedKeys(NioWorker.java:280) ~[na:na]
	at org.jboss.netty.channel.socket.nio.NioWorker.run(NioWorker.java:200) ~[na:na]
	at org.jboss.netty.util.ThreadRenamingRunnable.run(ThreadRenamingRunnable.java:108) ~[na:na]
	at org.jboss.netty.util.internal.DeadLockProofWorker$1.run(DeadLockProofWorker.java:44) ~[na:na]
	at java.util.concurrent.ThreadPoolExecutor$Worker.runTask(ThreadPoolExecutor.java:886) ~[na:1.6.0_13]
	at java.util.concurrent.ThreadPoolExecutor$Worker.run(ThreadPoolExecutor.java:908) ~[na:1.6.0_13]
	at java.lang.Thread.run(Thread.java:619) ~[na:1.6.0_13]
2021-01-10 16:05:19,826 [Worker-11] INFO  o.e.m.c.i.i.nexus.NexusIndexManager - Updating index for repository: central|http://repo1.maven.org/maven2
2021-01-10 16:06:21,216 [Worker-11] ERROR o.e.m.c.i.i.nexus.NexusIndexManager - Unable to update index for central|http://repo1.maven.org/maven2
java.io.IOException: No response received after 60000
	at org.eclipse.m2e.core.internal.index.nexus.AsyncFetcher$PipedErrorInputStream.checkError(AsyncFetcher.java:252) ~[org.eclipse.m2e.core_1.0.0.me201302031636.jar:na]
	at org.eclipse.m2e.core.internal.index.nexus.AsyncFetcher$PipedErrorInputStream.read(AsyncFetcher.java:260) ~[org.eclipse.m2e.core_1.0.0.me201302031636.jar:na]
	at java.io.PipedInputStream.read(PipedInputStream.java:361) ~[na:1.6.0_13]
	at java.io.InputStream.read(InputStream.java:85) ~[na:1.6.0_13]
	at java.util.Properties$LineReader.readLine(Properties.java:418) ~[na:1.6.0_13]
	at java.util.Properties.load0(Properties.java:337) ~[na:1.6.0_13]
	at java.util.Properties.load(Properties.java:325) ~[na:1.6.0_13]
	at org.apache.maven.index.updater.DefaultIndexUpdater.downloadIndexProperties(DefaultIndexUpdater.java:457) ~[indexer-core-3.1.0.jar:3.1.0]
	at org.apache.maven.index.updater.DefaultIndexUpdater.access$100(DefaultIndexUpdater.java:75) ~[indexer-core-3.1.0.jar:3.1.0]
	at org.apache.maven.index.updater.DefaultIndexUpdater$IndexAdaptor.setProperties(DefaultIndexUpdater.java:607) ~[indexer-core-3.1.0.jar:3.1.0]
	at org.apache.maven.index.updater.DefaultIndexUpdater.fetchAndUpdateIndex(DefaultIndexUpdater.java:788) ~[indexer-core-3.1.0.jar:3.1.0]
	at org.apache.maven.index.updater.DefaultIndexUpdater.fetchAndUpdateIndex(DefaultIndexUpdater.java:135) ~[indexer-core-3.1.0.jar:3.1.0]
	at org.eclipse.m2e.core.internal.index.nexus.NexusIndexManager.updateRemoteIndex(NexusIndexManager.java:1126) [org.eclipse.m2e.core_1.0.0.me201302031636.jar:na]
	at org.eclipse.m2e.core.internal.index.nexus.NexusIndexManager.updateIndex(NexusIndexManager.java:1083) [org.eclipse.m2e.core_1.0.0.me201302031636.jar:na]
	at org.eclipse.m2e.core.internal.index.nexus.NexusIndexManager$1.run(NexusIndexManager.java:660) [org.eclipse.m2e.core_1.0.0.me201302031636.jar:na]
	at org.eclipse.m2e.core.internal.index.nexus.IndexUpdaterJob.run(IndexUpdaterJob.java:71) [org.eclipse.m2e.core_1.0.0.me201302031636.jar:na]
	at org.eclipse.core.internal.jobs.Worker.run(Worker.java:54) [org.eclipse.core.jobs_3.5.101.v20120113-1953.jar:na]
java.util.concurrent.TimeoutException: No response received after 60000
	at com.ning.http.client.providers.netty.NettyAsyncHttpProvider$ReaperFuture.run(NettyAsyncHttpProvider.java:1773) ~[na:na]
	at java.util.concurrent.Executors$RunnableAdapter.call(Executors.java:441) ~[na:1.6.0_13]
	at java.util.concurrent.FutureTask$Sync.innerRunAndReset(FutureTask.java:317) ~[na:1.6.0_13]
	at java.util.concurrent.FutureTask.runAndReset(FutureTask.java:150) ~[na:1.6.0_13]
	at java.util.concurrent.ScheduledThreadPoolExecutor$ScheduledFutureTask.access$101(ScheduledThreadPoolExecutor.java:98) ~[na:1.6.0_13]
	at java.util.concurrent.ScheduledThreadPoolExecutor$ScheduledFutureTask.runPeriodic(ScheduledThreadPoolExecutor.java:181) ~[na:1.6.0_13]
	at java.util.concurrent.ScheduledThreadPoolExecutor$ScheduledFutureTask.run(ScheduledThreadPoolExecutor.java:205) ~[na:1.6.0_13]
	at java.util.concurrent.ThreadPoolExecutor$Worker.runTask(ThreadPoolExecutor.java:886) ~[na:1.6.0_13]
	at java.util.concurrent.ThreadPoolExecutor$Worker.run(ThreadPoolExecutor.java:908) ~[na:1.6.0_13]
	at java.lang.Thread.run(Thread.java:619) ~[na:1.6.0_13]
2021-01-10 20:25:56,845 [Worker-72] INFO  o.e.m.c.i.i.nexus.NexusIndexManager - Updating index for repository: central|http://repo1.maven.org/maven2
2021-01-10 20:25:59,919 [Worker-72] ERROR o.e.m.c.i.i.nexus.NexusIndexManager - Unable to update index for central|http://repo1.maven.org/maven2
java.io.IOException: Server returned status code 501: HTTPS Required
	at org.eclipse.m2e.core.internal.index.nexus.AsyncFetcher$PipedErrorInputStream.checkError(AsyncFetcher.java:252) ~[org.eclipse.m2e.core_1.0.0.me201302031636.jar:na]
	at org.eclipse.m2e.core.internal.index.nexus.AsyncFetcher$PipedErrorInputStream.read(AsyncFetcher.java:260) ~[org.eclipse.m2e.core_1.0.0.me201302031636.jar:na]
	at java.io.PipedInputStream.read(PipedInputStream.java:361) ~[na:1.6.0_13]
	at java.io.InputStream.read(InputStream.java:85) ~[na:1.6.0_13]
	at java.util.Properties$LineReader.readLine(Properties.java:418) ~[na:1.6.0_13]
	at java.util.Properties.load0(Properties.java:337) ~[na:1.6.0_13]
	at java.util.Properties.load(Properties.java:325) ~[na:1.6.0_13]
	at org.apache.maven.index.updater.DefaultIndexUpdater.downloadIndexProperties(DefaultIndexUpdater.java:457) ~[indexer-core-3.1.0.jar:3.1.0]
	at org.apache.maven.index.updater.DefaultIndexUpdater.access$100(DefaultIndexUpdater.java:75) ~[indexer-core-3.1.0.jar:3.1.0]
	at org.apache.maven.index.updater.DefaultIndexUpdater$IndexAdaptor.setProperties(DefaultIndexUpdater.java:607) ~[indexer-core-3.1.0.jar:3.1.0]
	at org.apache.maven.index.updater.DefaultIndexUpdater.fetchAndUpdateIndex(DefaultIndexUpdater.java:788) ~[indexer-core-3.1.0.jar:3.1.0]
	at org.apache.maven.index.updater.DefaultIndexUpdater.fetchAndUpdateIndex(DefaultIndexUpdater.java:135) ~[indexer-core-3.1.0.jar:3.1.0]
	at org.eclipse.m2e.core.internal.index.nexus.NexusIndexManager.updateRemoteIndex(NexusIndexManager.java:1126) [org.eclipse.m2e.core_1.0.0.me201302031636.jar:na]
	at org.eclipse.m2e.core.internal.index.nexus.NexusIndexManager.updateIndex(NexusIndexManager.java:1083) [org.eclipse.m2e.core_1.0.0.me201302031636.jar:na]
	at org.eclipse.m2e.core.internal.index.nexus.NexusIndexManager$1.run(NexusIndexManager.java:660) [org.eclipse.m2e.core_1.0.0.me201302031636.jar:na]
	at org.eclipse.m2e.core.internal.index.nexus.IndexUpdaterJob.run(IndexUpdaterJob.java:71) [org.eclipse.m2e.core_1.0.0.me201302031636.jar:na]
	at org.eclipse.core.internal.jobs.Worker.run(Worker.java:54) [org.eclipse.core.jobs_3.5.101.v20120113-1953.jar:na]
java.io.IOException: Server returned status code 501: HTTPS Required
	at org.eclipse.m2e.core.internal.index.nexus.AsyncFetcher$MonitorListener.onStatus(AsyncFetcher.java:282) ~[na:na]
	at com.ning.http.client.SimpleAsyncHttpClient$BodyConsumerAsyncHandler.fireStatus(SimpleAsyncHttpClient.java:828) ~[na:na]
	at com.ning.http.client.SimpleAsyncHttpClient$BodyConsumerAsyncHandler.onStatusReceived(SimpleAsyncHttpClient.java:779) ~[na:na]
	at com.ning.http.client.providers.netty.NettyAsyncHttpProvider.updateStatusAndInterrupt(NettyAsyncHttpProvider.java:1439) ~[na:na]
	at com.ning.http.client.providers.netty.NettyAsyncHttpProvider.messageReceived(NettyAsyncHttpProvider.java:1170) ~[na:na]
	at org.jboss.netty.channel.SimpleChannelUpstreamHandler.handleUpstream(SimpleChannelUpstreamHandler.java:80) ~[na:na]
	at org.jboss.netty.channel.DefaultChannelPipeline.sendUpstream(DefaultChannelPipeline.java:545) ~[na:na]
	at org.jboss.netty.channel.DefaultChannelPipeline$DefaultChannelHandlerContext.sendUpstream(DefaultChannelPipeline.java:754) ~[na:na]
	at org.jboss.netty.handler.stream.ChunkedWriteHandler.handleUpstream(ChunkedWriteHandler.java:148) ~[na:na]
	at org.jboss.netty.channel.DefaultChannelPipeline.sendUpstream(DefaultChannelPipeline.java:545) ~[na:na]
	at org.jboss.netty.channel.DefaultChannelPipeline$DefaultChannelHandlerContext.sendUpstream(DefaultChannelPipeline.java:754) ~[na:na]
	at org.jboss.netty.handler.codec.http.HttpContentDecoder.messageReceived(HttpContentDecoder.java:104) ~[na:na]
	at org.jboss.netty.channel.SimpleChannelUpstreamHandler.handleUpstream(SimpleChannelUpstreamHandler.java:80) ~[na:na]
	at org.jboss.netty.channel.DefaultChannelPipeline.sendUpstream(DefaultChannelPipeline.java:545) ~[na:na]
	at org.jboss.netty.channel.DefaultChannelPipeline$DefaultChannelHandlerContext.sendUpstream(DefaultChannelPipeline.java:754) ~[na:na]
	at org.jboss.netty.channel.Channels.fireMessageReceived(Channels.java:302) ~[na:na]
	at org.jboss.netty.handler.codec.replay.ReplayingDecoder.unfoldAndfireMessageReceived(ReplayingDecoder.java:522) ~[na:na]
	at org.jboss.netty.handler.codec.replay.ReplayingDecoder.callDecode(ReplayingDecoder.java:506) ~[na:na]
	at org.jboss.netty.handler.codec.replay.ReplayingDecoder.messageReceived(ReplayingDecoder.java:443) ~[na:na]
	at org.jboss.netty.channel.SimpleChannelUpstreamHandler.handleUpstream(SimpleChannelUpstreamHandler.java:80) ~[na:na]
	at org.jboss.netty.handler.codec.http.HttpClientCodec.handleUpstream(HttpClientCodec.java:77) ~[na:na]
	at org.jboss.netty.channel.DefaultChannelPipeline.sendUpstream(DefaultChannelPipeline.java:545) ~[na:na]
	at org.jboss.netty.channel.DefaultChannelPipeline.sendUpstream(DefaultChannelPipeline.java:540) ~[na:na]
	at org.jboss.netty.channel.Channels.fireMessageReceived(Channels.java:274) ~[na:na]
	at org.jboss.netty.channel.Channels.fireMessageReceived(Channels.java:261) ~[na:na]
	at org.jboss.netty.channel.socket.nio.NioWorker.read(NioWorker.java:349) ~[na:na]
	at org.jboss.netty.channel.socket.nio.NioWorker.processSelectedKeys(NioWorker.java:280) ~[na:na]
	at org.jboss.netty.channel.socket.nio.NioWorker.run(NioWorker.java:200) ~[na:na]
	at org.jboss.netty.util.ThreadRenamingRunnable.run(ThreadRenamingRunnable.java:108) ~[na:na]
	at org.jboss.netty.util.internal.DeadLockProofWorker$1.run(DeadLockProofWorker.java:44) ~[na:na]
	at java.util.concurrent.ThreadPoolExecutor$Worker.runTask(ThreadPoolExecutor.java:886) ~[na:1.6.0_13]
	at java.util.concurrent.ThreadPoolExecutor$Worker.run(ThreadPoolExecutor.java:908) ~[na:1.6.0_13]
	at java.lang.Thread.run(Thread.java:619) ~[na:1.6.0_13]
